[35m[Appium][39m Welcome to Appium v1.18.1
[35m[Appium][39m Non-default server args:
[35m[Appium][39m   port: 63752
[35m[Appium][39m   loglevel: info
[35m[Appium][39m   tmpDir: C:\Users\ASUS\AppData\Local\Temp\\Katalon\Appium\Temp1599877950771
[35m[Appium][39m   chromedriverPort: 63753
[35m[Appium][39m Deprecated server args:
[35m[Appium][39m   [31m--chromedriver-port[39m => --default-capabilities '{"chromedriverPort":63753}'
[35m[Appium][39m Default capabilities, which will be added to each request unless overridden by desired capabilities:
[35m[Appium][39m   chromedriverPort: 63753
[35m[Appium][39m Appium REST http interface listener started on 0.0.0.0:63752
[35m[HTTP][39m [37m-->[39m [37mGET[39m [37m/wd/hub/status[39m
[35m[HTTP][39m [90m{}[39m
[35m[HTTP][39m [37m<-- GET /wd/hub/status [39m[32m200[39m [90m9 ms - 68[39m
[35m[HTTP][39m [90m[39m
[35m[HTTP][39m [37m-->[39m [37mGET[39m [37m/wd/hub/status[39m
[35m[HTTP][39m [90m{}[39m
[35m[HTTP][39m [37m<-- GET /wd/hub/status [39m[32m200[39m [90m2 ms - 68[39m
[35m[HTTP][39m [90m[39m
[35m[HTTP][39m [37m-->[39m [37mPOST[39m [37m/wd/hub/session[39m
[35m[HTTP][39m [90m{"desiredCapabilities":{"app":"C:\\Users\\ASUS\\Katalon Studio\\Cilsy Mobile Automation\\Data Files\\Kalkulator.apk","noReset":true,"newCommandTimeout":1800,"platformVersion":"6.0.1","autoGrantPermissions":true,"platformName":"Android","udid":"9c5fe238","deviceName":"samsung SM-C900F (Android 6.0.1)","fullReset":false,"platform":"ANDROID","systemPort":63761},"capabilities":{"firstMatch":[{"appium:app":"C:\\Users\\ASUS\\Katalon Studio\\Cilsy Mobile Automation\\Data Files\\Kalkulator.apk","appium:autoGrantPermissions":true,"appium:deviceName":"samsung SM-C900F (Android 6.0.1)","appium:fullReset":false,"appium:newCommandTimeout":1800,"appium:noReset":true,"platform":"ANDROID","platformName":"android","appium:platformVersion":"6.0.1","appium:systemPort":63761,"appium:udid":"9c5fe238"}]}}[39m
[35m[BaseDriver][39m The following capabilities are not standard capabilities and should have an extension prefix:
[35m[BaseDriver][39m   platform
[35m[BaseDriver][39m   chromedriverPort
[35m[Appium][39m 
[35m[Appium][39m ======================================================================
[35m[Appium][39m   DEPRECATION WARNING:
[35m[Appium][39m 
[35m[Appium][39m   The 'automationName' capability was not provided in the desired 
[35m[Appium][39m   capabilities for this Android session
[35m[Appium][39m 
[35m[Appium][39m   Setting 'automationName=UiAutomator2' by default and using the 
[35m[Appium][39m   UiAutomator2 Driver
[35m[Appium][39m 
[35m[Appium][39m   The next major version of Appium (2.x) will **require** the 
[35m[Appium][39m   'automationName' capability to be set for all sessions on all 
[35m[Appium][39m   platforms
[35m[Appium][39m 
[35m[Appium][39m   In previous versions (Appium <= 1.13.x), the default was 
[35m[Appium][39m   'automationName=UiAutomator1'
[35m[Appium][39m 
[35m[Appium][39m   If you wish to use that automation instead of UiAutomator2, please 
[35m[Appium][39m   add 'automationName=UiAutomator1' to your desired capabilities
[35m[Appium][39m 
[35m[Appium][39m   For more information about drivers, please visit 
[35m[Appium][39m   http://appium.io/docs/en/about-appium/intro/ and explore the 
[35m[Appium][39m   'Drivers' menu
[35m[Appium][39m 
[35m[Appium][39m ======================================================================
[35m[Appium][39m 
[35m[Appium][39m Appium v1.18.1 creating new AndroidUiautomator2Driver (v1.56.1) session
[35m[BaseDriver][39m The following capabilities were provided, but are not recognized by Appium:
[35m[BaseDriver][39m   platform
[35m[BaseDriver][39m Session created with session id: e5cad85e-4b73-4b61-81eb-b3f430b1fa88
[35m[BaseDriver][39m Using local app 'C:\Users\ASUS\Katalon Studio\Cilsy Mobile Automation\Data Files\Kalkulator.apk'
[35m[ADB][39m Found 1 'build-tools' folders under 'C:\Users\ASUS\.katalon\tools\android_sdk' (newest first):
[35m[ADB][39m     C:/Users/ASUS/.katalon/tools/android_sdk/build-tools/29.0.3
[35m[ADB][39m Using 'adb.exe' from 'C:\Users\ASUS\.katalon\tools\android_sdk\platform-tools\adb.exe'
[35m[AndroidDriver][39m Retrieving device list
[35m[AndroidDriver][39m Using device: 9c5fe238
[35m[ADB][39m Using 'adb.exe' from 'C:\Users\ASUS\.katalon\tools\android_sdk\platform-tools\adb.exe'
[35m[ADB][39m Package name: 'com.google.android.calculator'
[35m[ADB][39m Main activity name: 'com.android.calculator2.Calculator'
[35m[ADB][39m Cannot use apksigner tool for signature verification. Original error: Could not find 'apksigner.jar' in ["C:\\Users\\ASUS\\.katalon\\tools\\android_sdk\\platform-tools\\apksigner.jar","C:\\Users\\ASUS\\.katalon\\tools\\android_sdk\\emulator\\apksigner.jar","C:\\Users\\ASUS\\.katalon\\tools\\android_sdk\\cmdline-tools\\latest\\bin\\apksigner.jar","C:\\Users\\ASUS\\.katalon\\tools\\android_sdk\\tools\\apksigner.jar","C:\\Users\\ASUS\\.katalon\\tools\\android_sdk\\tools\\bin\\apksigner.jar","C:\\Users\\ASUS\\.katalon\\tools\\android_sdk\\apksigner.jar","C:\\Users\\ASUS\\.katalon\\tools\\android_sdk\\build-tools\\29.0.3\\apksigner.jar","C:\\Users\\ASUS\\.katalon\\tools\\android_sdk\\build-tools\\29.0.3\\lib\\apksigner.jar"]. Do you have Android Build Tools installed at 'C:\Users\ASUS\.katalon\tools\android_sdk'?
[35m[ADB][39m Cannot use apksigner tool for signature verification. Original error: Could not find 'apksigner.jar' in ["C:\\Users\\ASUS\\.katalon\\tools\\android_sdk\\platform-tools\\apksigner.jar","C:\\Users\\ASUS\\.katalon\\tools\\android_sdk\\emulator\\apksigner.jar","C:\\Users\\ASUS\\.katalon\\tools\\android_sdk\\cmdline-tools\\latest\\bin\\apksigner.jar","C:\\Users\\ASUS\\.katalon\\tools\\android_sdk\\tools\\apksigner.jar","C:\\Users\\ASUS\\.katalon\\tools\\android_sdk\\tools\\bin\\apksigner.jar","C:\\Users\\ASUS\\.katalon\\tools\\android_sdk\\apksigner.jar","C:\\Users\\ASUS\\.katalon\\tools\\android_sdk\\build-tools\\29.0.3\\apksigner.jar","C:\\Users\\ASUS\\.katalon\\tools\\android_sdk\\build-tools\\29.0.3\\lib\\apksigner.jar"]. Do you have Android Build Tools installed at 'C:\Users\ASUS\.katalon\tools\android_sdk'?
[35m[UiAutomator2][39m Server packages are not going to be (re)installed
[35m[ADB][39m Cannot use apksigner tool for signature verification. Original error: Could not find 'apksigner.jar' in ["C:\\Users\\ASUS\\.katalon\\tools\\android_sdk\\platform-tools\\apksigner.jar","C:\\Users\\ASUS\\.katalon\\tools\\android_sdk\\emulator\\apksigner.jar","C:\\Users\\ASUS\\.katalon\\tools\\android_sdk\\cmdline-tools\\latest\\bin\\apksigner.jar","C:\\Users\\ASUS\\.katalon\\tools\\android_sdk\\tools\\apksigner.jar","C:\\Users\\ASUS\\.katalon\\tools\\android_sdk\\tools\\bin\\apksigner.jar","C:\\Users\\ASUS\\.katalon\\tools\\android_sdk\\apksigner.jar","C:\\Users\\ASUS\\.katalon\\tools\\android_sdk\\build-tools\\29.0.3\\apksigner.jar","C:\\Users\\ASUS\\.katalon\\tools\\android_sdk\\build-tools\\29.0.3\\lib\\apksigner.jar"]. Do you have Android Build Tools installed at 'C:\Users\ASUS\.katalon\tools\android_sdk'?
[35m[UiAutomator2][39m Starting UIAutomator2 server 4.12.2
[35m[UiAutomator2][39m Using UIAutomator2 server from 'C:\Users\ASUS\AppData\Roaming\npm\node_modules\appium\node_modules\appium-uiautomator2-server\apks\appium-uiautomator2-server-v4.12.2.apk' and test from 'C:\Users\ASUS\AppData\Roaming\npm\node_modules\appium\node_modules\appium-uiautomator2-server\apks\appium-uiautomator2-server-debug-androidTest.apk'
[35m[UiAutomator2][39m Waiting up to 30000ms for UiAutomator2 to be online...
[35m[WD Proxy][39m socket hang up
[35m[WD Proxy][39m socket hang up
[35m[WD Proxy][39m Determined the downstream protocol as 'W3C'
[35m[AndroidDriver][39m Screen already unlocked, doing nothing
[35m[UiAutomator2][39m Starting 'com.google.android.calculator/com.android.calculator2.Calculator and waiting for 'com.google.android.calculator/com.android.calculator2.Calculator'
[35m[Appium][39m New AndroidUiautomator2Driver session created successfully, session e5cad85e-4b73-4b61-81eb-b3f430b1fa88 added to master session list
[35m[HTTP][39m [37m<-- POST /wd/hub/session [39m[32m200[39m [90m12696 ms - 1266[39m
[35m[HTTP][39m [90m[39m
[35m[HTTP][39m [37m-->[39m [37mGET[39m [37m/wd/hub/session/e5cad85e-4b73-4b61-81eb-b3f430b1fa88[39m
[35m[HTTP][39m [90m{}[39m
[35m[HTTP][39m [37m<-- GET /wd/hub/session/e5cad85e-4b73-4b61-81eb-b3f430b1fa88 [39m[32m200[39m [90m16 ms - 1220[39m
[35m[HTTP][39m [90m[39m
[35m[HTTP][39m [37m-->[39m [37mGET[39m [37m/wd/hub/session/e5cad85e-4b73-4b61-81eb-b3f430b1fa88[39m
[35m[HTTP][39m [90m{}[39m
[35m[HTTP][39m [37m<-- GET /wd/hub/session/e5cad85e-4b73-4b61-81eb-b3f430b1fa88 [39m[32m200[39m [90m12 ms - 1220[39m
[35m[HTTP][39m [90m[39m
[35m[HTTP][39m [37m-->[39m [37mGET[39m [37m/wd/hub/status[39m
[35m[HTTP][39m [90m{}[39m
[35m[HTTP][39m [37m<-- GET /wd/hub/status [39m[32m200[39m [90m2 ms - 68[39m
[35m[HTTP][39m [90m[39m
[35m[HTTP][39m [37m-->[39m [37mPOST[39m [37m/wd/hub/session/e5cad85e-4b73-4b61-81eb-b3f430b1fa88/timeouts[39m
[35m[HTTP][39m [90m{"implicit":60000}[39m
[35m[HTTP][39m [37m<-- POST /wd/hub/session/e5cad85e-4b73-4b61-81eb-b3f430b1fa88/timeouts [39m[32m200[39m [90m7 ms - 14[39m
[35m[HTTP][39m [90m[39m
[35m[HTTP][39m [37m-->[39m [37mGET[39m [37m/wd/hub/session/e5cad85e-4b73-4b61-81eb-b3f430b1fa88/source[39m
[35m[HTTP][39m [90m{}[39m
[35m[W3C (e5cad85e)][39m Driver proxy active, passing request on via HTTP proxy
[35m[WD Proxy][39m Replacing sessionId 6905687b-8c72-4324-9eb9-0956c9f4d85c with e5cad85e-4b73-4b61-81eb-b3f430b1fa88
[35m[HTTP][39m [37m<-- GET /wd/hub/session/e5cad85e-4b73-4b61-81eb-b3f430b1fa88/source [39m[32m200[39m [90m257 ms - 19063[39m
[35m[HTTP][39m [90m[39m
[35m[HTTP][39m [37m-->[39m [37mGET[39m [37m/wd/hub/session/e5cad85e-4b73-4b61-81eb-b3f430b1fa88/screenshot[39m
[35m[HTTP][39m [90m{}[39m
[35m[HTTP][39m [37m<-- GET /wd/hub/session/e5cad85e-4b73-4b61-81eb-b3f430b1fa88/screenshot [39m[32m200[39m [90m704 ms - 71674[39m
[35m[HTTP][39m [90m[39m
[35m[HTTP][39m [37m-->[39m [37mGET[39m [37m/wd/hub/session/e5cad85e-4b73-4b61-81eb-b3f430b1fa88/source[39m
[35m[HTTP][39m [90m{}[39m
[35m[W3C (e5cad85e)][39m Driver proxy active, passing request on via HTTP proxy
[35m[WD Proxy][39m Replacing sessionId 6905687b-8c72-4324-9eb9-0956c9f4d85c with e5cad85e-4b73-4b61-81eb-b3f430b1fa88
[35m[HTTP][39m [37m<-- GET /wd/hub/session/e5cad85e-4b73-4b61-81eb-b3f430b1fa88/source [39m[32m200[39m [90m186 ms - 17952[39m
[35m[HTTP][39m [90m[39m
[35m[HTTP][39m [37m-->[39m [37mGET[39m [37m/wd/hub/session/e5cad85e-4b73-4b61-81eb-b3f430b1fa88/screenshot[39m
[35m[HTTP][39m [90m{}[39m
[35m[HTTP][39m [37m<-- GET /wd/hub/session/e5cad85e-4b73-4b61-81eb-b3f430b1fa88/screenshot [39m[32m200[39m [90m755 ms - 76810[39m
[35m[HTTP][39m [90m[39m
[35m[HTTP][39m [37m-->[39m [37mPOST[39m [37m/wd/hub/session/e5cad85e-4b73-4b61-81eb-b3f430b1fa88/elements[39m
[35m[HTTP][39m [90m{"using":"id","value":"com.google.android.calculator:id/result_final"}[39m
[35m[HTTP][39m [37m<-- POST /wd/hub/session/e5cad85e-4b73-4b61-81eb-b3f430b1fa88/elements [39m[32m200[39m [90m76 ms - 139[39m
[35m[HTTP][39m [90m[39m
[35m[HTTP][39m [37m-->[39m [37mDELETE[39m [37m/wd/hub/session/e5cad85e-4b73-4b61-81eb-b3f430b1fa88[39m
[35m[HTTP][39m [90m{}[39m
[35m[Appium][39m Removing session e5cad85e-4b73-4b61-81eb-b3f430b1fa88 from our master session list
[35m[WD Proxy][39m socket hang up
[35m[UiAutomator2][39m Did not get confirmation UiAutomator2 deleteSession worked; Error was: UnknownError: An unknown server-side error occurred while processing the command. Original error: Could not proxy command to the remote server. Original error: socket hang up
[35m[HTTP][39m [37m<-- DELETE /wd/hub/session/e5cad85e-4b73-4b61-81eb-b3f430b1fa88 [39m[32m200[39m [90m1081 ms - 14[39m
[35m[HTTP][39m [90m[39m
